[INFO ][2022-03-09_15:34:08.717][main][TestContext.java][printMendatoryInfo][General_0] - 

|=|=|=|=|=|=|=|=|=|=|=|=|=|=|=|=|=|=|=|=|=|=|=|=|
      ___                                                
     / _ \                          __ _ _        
    | |_| |__ _   _    __ _   ____  \ \ \ \       
    |  _  |  __|_| |_ / __ \/ ____|  \ \ \ \      
    | | | | |  |_| |_| (__) )___  \   ) ) ) )     
    |_| |_|_|    | |_ \__ _/| ___ /  / / / /      
    =============\__/============== (_(_(_(       
    == Artos ==  (RELEASE v0.0.14-beta-1)                 
                                                         
|=|=|=|=|=|=|=|=|=|=|=|=|=|=|=|=|=|=|=|=|=|=|=|=|

[INFO ][2022-03-09_15:34:08.720][main][TestContext.java][printMendatoryInfo][General_0] - 
************************************ Header Start ******************************************
Organisation_Name : <Organisation> PTY LTD
Organisation_Country : NewZealand
Organisation_Address : XX, Test Street, Test address
Organisation_Phone : +64 1234567
Organisation_Email : artos.framework@gmail.com
Organisation_Website : www.theartos.com
************************************ Header End ********************************************
[DEBUG][2022-03-09_15:34:08.721][main][TestContext.java][printUsefulInfo][General_0] - 
Test FrameWork Info
* Artos version => 0.0.14-beta-1
* Artos build date => 19-04-2020 07:07
* Java Runtime Environment version => 11.0.12
* Java Virtual Machine specification version => 11
* Java Runtime Environment specification version => 11
* Java class path => artos-test-project.jar
* List of paths to search when loading libraries => C:\Program Files\Java\jdk-11.0.12\bin;C:\WINDOWS\Sun\Java\bin;C:\WINDOWS\system32;C:\WINDOWS;C:\Program Files\Common Files\Oracle\Java\javapath;C:\Program Files (x86)\Common Files\Oracle\Java\javapath;C:\WINDOWS\system32;C:\WINDOWS;C:\WINDOWS\System32\Wbem;C:\WINDOWS\System32\WindowsPowerShell\v1.0\;C:\WINDOWS\System32\OpenSSH\;C:\Program Files\PuTTY\;C:\Program Files\Microsoft VS Code\bin;C:\Program Files\TortoiseSVN\bin;C:\Program Files\Git\cmd;C:\Program Files (x86)\Microsoft SQL Server\150\DTS\Binn\;C:\Program Files\Azure Data Studio\bin;C:\Program Files\Microsoft SQL Server Migration Assistant for MySQL\bin\;C:\Program Files (x86)\Windows Kits\10\Windows Performance Toolkit\;C:\Program Files\dotnet\;C:\Users\feng.zhou\AppData\Local\Microsoft\WindowsApps;C:\Program Files\Azure Data Studio\bin;C:\Users\feng.zhou\AppData\Local\Programs\Microsoft VS Code\bin;C:\Users\feng.zhou\.dotnet\tools;C:\maven\apache-maven-3.8.4\bin;;.
* Operating system name => Windows 10
* Operating system architecture => amd64
* Operating system version => 10.0
* File separator ("/" on UNIX) => \
* Path separator (":" on UNIX) => ;
* User's account name => feng.zhou
* User's home directory => C:\Users\feng.zhou

[INFO ][2022-03-09_15:34:08.871][pool-2-thread-1][TestExecutionEventListener.java][beforeTestSuiteMethodExecutionStarted][General_0] - 
=> beforeTestSuite(context)
[INFO ][2022-03-09_15:34:08.872][pool-2-thread-1][FeatureRunner.java][beforeTestSuite][General_0] - This method executes before test suite
[INFO ][2022-03-09_15:34:08.874][pool-2-thread-1][TestExecutionEventListener.java][testExecutionLoopCount][General_0] - 
---------------- (Test Loop Count : 1) -------------------
[INFO ][2022-03-09_15:34:08.876][pool-2-thread-1][TestExecutionEventListener.java][printTestPlan][General_0] - *************************************************************************
Test Name	: com.tests.feature1.TestCase_1
Written BY	: arpit
Date		: 19/02/2019
BDD Test Plan	: 
GIVEN..
WHEN..
AND..
THEN..
*************************************************************************
[INFO ][2022-03-09_15:34:08.876][pool-2-thread-1][TestExecutionEventListener.java][globalBeforeTestCaseMethodExecutionStarted][General_0] - 
=> beforeTestCase(context)
[INFO ][2022-03-09_15:34:08.876][pool-2-thread-1][FeatureRunner.java][beforeTestCase][General_0] - This method executes before each test case
[INFO ][2022-03-09_15:34:08.879][pool-2-thread-1][TestExecutionEventListener.java][printTestUnitPlan][General_0] - *************************************************************************
Unit Name	: TC_Sign_In_05_05
*************************************************************************
[INFO ][2022-03-09_15:34:08.880][pool-2-thread-1][TestExecutionEventListener.java][globalBeforeTestUnitMethodExecutionStarted][General_0] - 
=> beforeTestUnit(context)
[INFO ][2022-03-09_15:34:08.880][pool-2-thread-1][FeatureRunner.java][beforeTestUnit][General_0] - This method executes before each test unit
[INFO ][2022-03-09_15:34:08.881][pool-2-thread-1][TestCase_1.java][TC_Sign_In_05_05][General_0] - fgfgf
[INFO ][2022-03-09_15:34:08.882][pool-2-thread-1][TestExecutionEventListener.java][globalAfterTestUnitMethodExecutionStarted][General_0] - 
=> afterTestUnit(context)
[INFO ][2022-03-09_15:34:08.884][pool-2-thread-1][FeatureRunner.java][afterTestUnit][General_0] - This method executes after each test unit
[INFO ][2022-03-09_15:34:08.884][pool-2-thread-1][TestContext.java][generateUnitTestSummary][General_0] - [PASS]: TC_Sign_In_05_05(context)
[INFO ][2022-03-09_15:34:08.886][pool-2-thread-1][TestExecutionEventListener.java][printTestUnitPlan][General_0] - *************************************************************************
Unit Name	: TC_Sign_In_05_06
*************************************************************************
[INFO ][2022-03-09_15:34:08.887][pool-2-thread-1][TestExecutionEventListener.java][globalBeforeTestUnitMethodExecutionStarted][General_0] - 
=> beforeTestUnit(context)
[INFO ][2022-03-09_15:34:08.887][pool-2-thread-1][FeatureRunner.java][beforeTestUnit][General_0] - This method executes before each test unit
[INFO ][2022-03-09_15:34:08.887][pool-2-thread-1][TestCase_1.java][TC_Sign_In_05_06][General_0] - fgfgf
[INFO ][2022-03-09_15:34:08.888][pool-2-thread-1][TestExecutionEventListener.java][globalAfterTestUnitMethodExecutionStarted][General_0] - 
=> afterTestUnit(context)
[INFO ][2022-03-09_15:34:08.888][pool-2-thread-1][FeatureRunner.java][afterTestUnit][General_0] - This method executes after each test unit
[INFO ][2022-03-09_15:34:08.888][pool-2-thread-1][TestContext.java][generateUnitTestSummary][General_0] - [PASS]: TC_Sign_In_05_06(context)
[INFO ][2022-03-09_15:34:08.889][pool-2-thread-1][TestExecutionEventListener.java][printTestUnitPlan][General_0] - *************************************************************************
Unit Name	: TC_Sign_In_05_07
*************************************************************************
[INFO ][2022-03-09_15:34:08.889][pool-2-thread-1][TestExecutionEventListener.java][globalBeforeTestUnitMethodExecutionStarted][General_0] - 
=> beforeTestUnit(context)
[INFO ][2022-03-09_15:34:08.890][pool-2-thread-1][FeatureRunner.java][beforeTestUnit][General_0] - This method executes before each test unit
[INFO ][2022-03-09_15:34:08.890][pool-2-thread-1][TestCase_1.java][TC_Sign_In_05_07][General_0] - fgfgf
[INFO ][2022-03-09_15:34:08.891][pool-2-thread-1][TestExecutionEventListener.java][globalAfterTestUnitMethodExecutionStarted][General_0] - 
=> afterTestUnit(context)
[INFO ][2022-03-09_15:34:08.891][pool-2-thread-1][FeatureRunner.java][afterTestUnit][General_0] - This method executes after each test unit
[INFO ][2022-03-09_15:34:08.891][pool-2-thread-1][TestContext.java][generateUnitTestSummary][General_0] - [PASS]: TC_Sign_In_05_07(context)
[INFO ][2022-03-09_15:34:08.892][pool-2-thread-1][TestExecutionEventListener.java][printTestUnitPlan][General_0] - *************************************************************************
Unit Name	: TC_Sign_In_05_08
*************************************************************************
[INFO ][2022-03-09_15:34:08.892][pool-2-thread-1][TestExecutionEventListener.java][globalBeforeTestUnitMethodExecutionStarted][General_0] - 
=> beforeTestUnit(context)
[INFO ][2022-03-09_15:34:08.893][pool-2-thread-1][FeatureRunner.java][beforeTestUnit][General_0] - This method executes before each test unit
[INFO ][2022-03-09_15:34:08.896][pool-2-thread-1][TestCase_1.java][TC_Sign_In_05_08][General_0] - fgfgf
[INFO ][2022-03-09_15:34:08.896][pool-2-thread-1][TestContext.java][setTestStatus][General_0] - [FAIL]: class java.lang.AssertionError cannot be cast to class java.lang.Exception (java.lang.AssertionError and java.lang.Exception are in module java.base of loader 'bootstrap')
[INFO ][2022-03-09_15:34:08.897][pool-2-thread-1][TestContext.java][setTestStatus][General_0] - =========================================================================
=============================== FAIL HERE ===============================
=========================================================================
[ERROR][2022-03-09_15:34:08.897][pool-2-thread-1][UtilsFramework.java][writePrintStackTrace][General_0] - java.lang.ClassCastException: class java.lang.AssertionError cannot be cast to class java.lang.Exception (java.lang.AssertionError and java.lang.Exception are in module java.base of loader 'bootstrap')
	at com.artos.framework.infra.RunnerTestUnits.processInvocationTargetException(RunnerTestUnits.java:379)
	at com.artos.framework.infra.RunnerTestUnits.runSimpleUnitTest(RunnerTestUnits.java:367)
	at com.artos.framework.infra.RunnerTestUnits.runIndividualUnitTest(RunnerTestUnits.java:242)
	at com.artos.framework.infra.RunnerTestUnits.runSingleThreadUnits(RunnerTestUnits.java:114)
	at com.artos.framework.infra.ArtosRunner.runSimpleTest(ArtosRunner.java:619)
	at com.artos.framework.infra.ArtosRunner.runIndividualTest(ArtosRunner.java:511)
	at com.artos.framework.infra.ArtosRunner.runSingleThread(ArtosRunner.java:376)
	at com.artos.framework.infra.ArtosRunner.runTest(ArtosRunner.java:171)
	at com.artos.framework.infra.ArtosRunner.run(ArtosRunner.java:150)
	at com.artos.framework.infra.SuiteTask.run(Runner.java:591)
	at java.base/java.util.concurrent.Executors$RunnableAdapter.call(Executors.java:515)
	at java.base/java.util.concurrent.FutureTask.run(FutureTask.java:264)
	at java.base/java.util.concurrent.ThreadPoolExecutor.runWorker(ThreadPoolExecutor.java:1128)
	at java.base/java.util.concurrent.ThreadPoolExecutor$Worker.run(ThreadPoolExecutor.java:628)
	at java.base/java.lang.Thread.run(Thread.java:834)

[INFO ][2022-03-09_15:34:08.898][pool-2-thread-1][TestExecutionEventListener.java][globalAfterTestUnitMethodExecutionStarted][General_0] - 
=> afterTestUnit(context)
[INFO ][2022-03-09_15:34:08.899][pool-2-thread-1][FeatureRunner.java][afterTestUnit][General_0] - This method executes after each test unit
[INFO ][2022-03-09_15:34:08.899][pool-2-thread-1][TestContext.java][generateUnitTestSummary][General_0] - [FAIL]: TC_Sign_In_05_08(context)
[INFO ][2022-03-09_15:34:08.900][pool-2-thread-1][TestExecutionEventListener.java][globalAfterTestCaseMethodExecutionStarted][General_0] - 
=> afterTestCase(context)
[INFO ][2022-03-09_15:34:08.900][pool-2-thread-1][FeatureRunner.java][afterTestCase][General_0] - This method executes after each test case
[INFO ][2022-03-09_15:34:08.901][pool-2-thread-1][TestContext.java][generateTestSummary][General_0] - 
Test Result : FAIL
*************************************************************************
[INFO ][2022-03-09_15:34:08.903][pool-2-thread-1][TestExecutionEventListener.java][afterTestSuiteMethodExecutionStarted][General_0] - 
=> afterTestSuite(context)
[INFO ][2022-03-09_15:34:08.903][pool-2-thread-1][FeatureRunner.java][afterTestSuite][General_0] - This method executes after test suite
[INFO ][2022-03-09_15:34:09.130][pool-2-thread-1][ArtosRunner.java][runTest][General_0] - *************************************************************************
[TestCases] EXECUTED:1    PASS:0    SKIP:0    KTF:0    FAIL:1    [FATAL:0    CRITICAL:0    HIGH:0    MEDIUM:0    LOW:0    UNDEFINED:1   ]
[TestUnits] EXECUTED:4    PASS:3    SKIP:0    KTF:0    FAIL:1    [FATAL:0    CRITICAL:0    HIGH:0    MEDIUM:0    LOW:0    UNDEFINED:1   ]

Test start time : 09-03-2022 03:34:08
Test finish time : 09-03-2022 03:34:08
Test duration : 0 min, 0 sec
